Arguments: 
  C:\Program Files\nodejs\node.exe C:\Program Files\nodejs\node_modules\yarn\bin\yarn.js install

PATH: 
  C:\Windows\system32;C:\Windows;C:\Windows\System32\Wbem;C:\Windows\System32\WindowsPowerShell\v1.0\;C:\Windows\System32\OpenSSH\;C:\Program Files\Git\bin;C:\Users\wb-fxw575960\AppData\Local\Yarn\bin;C:\Users\wb-fxw575960\AppData\Roaming\nvm;C:\Program Files\nodejs;D:\cmder_mini;D:\curl\curl-7.69.1-win64-mingw\I386;C:\Users\wb-fxw575960\AppData\Local\Microsoft\WindowsApps;D:\vs_code安装包\Microsoft VS Code\bin

Yarn version: 
  1.17.3

Node version: 
  10.15.1

Platform: 
  win32 x64

Trace: 
  Error: ENOENT: no such file or directory, copyfile 'C:\Users\wb-fxw575960\AppData\Local\Yarn\Cache\v4\npm-kind-of-5.1.0-729c91e2d857b7a419a1f9aa65685c4c33f5845d\node_modules\kind-of\index.js' -> 'C:\Users\wb-fxw575960\Desktop\项目\node\node_modules\define-property\node_modules\kind-of\index.js'

npm manifest: 
  {
    "name": "node",
    "version": "1.0.0",
    "description": "",
    "main": "01_server.js",
    "scripts": {
      "test": "echo \"Error: no test specified\" && exit 1",
      "test-gulp":"gulp -v"
    },
    "keywords": [],
    "author": "",
    "license": "ISC",
    "devDependencies": {
      "gulp": "^4.0.2"
    }
  }

yarn manifest: 
  No manifest

Lockfile: 
  No lockfile
