[2021-04-22T16:57:22.594] [DEBUG] cheese - https://www.baidu.com:443/path/index.html
[2021-04-22T16:57:29.252] [DEBUG] cheese - https://www.baidu.com:443/index.html
[2021-04-22T16:57:40.664] [DEBUG] cheese - https://www.baidu.com:443/path/index.html
[2021-04-22T16:57:53.158] [DEBUG] cheese - https://www.baidu.com:443/path/index.html
[2021-04-22T16:57:54.204] [DEBUG] cheese - https://www.baidu.com:443/path/index.html
[2021-04-22T16:58:10.567] [DEBUG] cheese - https://www.baidu.com:443/path/index.html
[2021-04-22T16:58:41.332] [DEBUG] cheese - https://www.baidu.com:443/index.html
[2021-04-22T16:58:55.270] [DEBUG] cheese - https://www.baidu.com:443/index.html
[2021-04-22T16:59:03.707] [DEBUG] cheese - 1 'https://www.baidu.com:443/index.html'
[2021-04-22T16:59:30.594] [DEBUG] cheese - 1 'https://www.baidu.com:443/index.html'
[2021-04-22T17:00:20.419] [DEBUG] cheese - 1 'https://www.baidu.com:443/index.html'
[2021-04-22T17:00:40.027] [DEBUG] cheese - 3 'https://www.baidu.com:443/path/index.html'
[2021-04-22T17:02:49.974] [DEBUG] cheese - URL {
  href: 'https://www.baidu.com/path/index.html?id=2#tag=3',
  origin: 'https://www.baidu.com',
  protocol: 'https:',
  username: '',
  password: '',
  host: 'www.baidu.com',
  hostname: 'www.baidu.com',
  port: '',
  pathname: '/path/index.html',
  search: '?id=2',
  searchParams: URLSearchParams { 'id' => '2' },
  hash: '#tag=3' }
[2021-04-22T17:04:45.290] [DEBUG] cheese - URLSearchParams { 'id' => '2' }
[2021-04-22T17:05:21.740] [DEBUG] cheese - URLSearchParams { 'id' => '2' }
[2021-04-22T17:05:31.710] [DEBUG] cheese - URLSearchParams { 'id' => '2', 'ag' => '3' }
[2021-04-22T17:05:32.961] [DEBUG] cheese - URLSearchParams { 'id' => '2', 'tag' => '3' }
[2021-04-22T17:05:52.699] [DEBUG] cheese - 3
[2021-04-22T17:10:11.351] [DEBUG] cheese - 3 'https://www.baidu.com:443/index.html'
[2021-04-22T17:10:11.358] [DEBUG] cheese - 3
[2021-04-22T17:10:14.369] [DEBUG] cheese - 3 'https://www.baidu.com:443/index.html'
[2021-04-22T17:10:14.376] [DEBUG] cheese - 3
[2021-04-22T17:10:45.874] [DEBUG] cheese - 3
[2021-04-22T17:13:09.649] [DEBUG] cheese - 3
[2021-04-22T17:13:14.980] [DEBUG] cheese - 3
[2021-04-22T17:13:52.328] [DEBUG] cheese - 3
[2021-04-22T17:13:58.797] [DEBUG] cheese - 111 '3'
[2021-04-22T17:14:08.514] [DEBUG] cheese - 111 '3'
